Arguments: 
  /snap/node/2799/bin/node /snap/node/2799/bin/yarn.js config get registry

PATH: 
  /home/bonnie-py-dev/.npm/_npx/13640/bin:/home/bonnie-py-dev/node_modules/.bin:/usr/local/sbin:/usr/local/bin:/usr/sbin:/usr/bin:/sbin:/bin:/usr/games:/usr/local/games:/snap/bin

Yarn version: 
  1.22.4

Node version: 
  14.4.0

Platform: 
  linux x64

Trace: 
  Error: ../../../../package.json: EACCES: permission denied, write
      at writeSync (fs.js:694:3)
      at SyncWriteStream._write (internal/fs/sync_write_stream.js:24:3)
      at writeOrBuffer (_stream_writable.js:352:12)
      at SyncWriteStream.Writable.write (_stream_writable.js:303:10)
      at ConsoleReporter.warn (/snap/node/2799/lib/cli.js:96791:17)
      at warn (/snap/node/2799/lib/cli.js:51520:23)
      at module.exports.exports.default (/snap/node/2799/lib/cli.js:37358:7)
      at /snap/node/2799/lib/cli.js:51531:51
      at Generator.next (<anonymous>)
      at step (/snap/node/2799/lib/cli.js:310:30)

npm manifest: 
  {
    "name": "portfolio",
    "version": "0.1.0",
    "private": true
  }

yarn manifest: 
  No manifest

Lockfile: 
  No lockfile
